Determining if the pthread_create exist failed with the following output:
Change Dir: /home/cs184/CS184_Final/build/CMakeFiles/CMakeTmp

Run Build Command:/usr/bin/make "cmTryCompileExec3340947194/fast"
/usr/bin/make -f CMakeFiles/cmTryCompileExec3340947194.dir/build.make CMakeFiles/cmTryCompileExec3340947194.dir/build
make[1]: Entering directory `/home/cs184/CS184_Final/build/CMakeFiles/CMakeTmp'
/usr/bin/cmake -E cmake_progress_report /home/cs184/CS184_Final/build/CMakeFiles/CMakeTmp/CMakeFiles 1
Building C object CMakeFiles/cmTryCompileExec3340947194.dir/CheckSymbolExists.c.o
/usr/bin/cc    -o CMakeFiles/cmTryCompileExec3340947194.dir/CheckSymbolExists.c.o   -c /home/cs184/CS184_Final/build/CMakeFiles/CMakeTmp/CheckSymbolExists.c
Linking C executable cmTryCompileExec3340947194
/usr/bin/cmake -E cmake_link_script CMakeFiles/cmTryCompileExec3340947194.dir/link.txt --verbose=1
/usr/bin/cc       CMakeFiles/cmTryCompileExec3340947194.dir/CheckSymbolExists.c.o  -o cmTryCompileExec3340947194 -rdynamic 
CMakeFiles/cmTryCompileExec3340947194.dir/CheckSymbolExists.c.o: In function `main':
CheckSymbolExists.c:(.text+0x16): undefined reference to `pthread_create'
collect2: error: ld returned 1 exit status
make[1]: Leaving directory `/home/cs184/CS184_Final/build/CMakeFiles/CMakeTmp'
make[1]: *** [cmTryCompileExec3340947194] Error 1
make: *** [cmTryCompileExec3340947194/fast] Error 2

File /home/cs184/CS184_Final/build/CMakeFiles/CMakeTmp/CheckSymbolExists.c:
/* */
#include <pthread.h>

int main(int argc, char** argv)
{
  (void)argv;
#ifndef pthread_create
  return ((int*)(&pthread_create))[argc];
#else
  (void)argc;
  return 0;
#endif
}

Determining if the function pthread_create exists in the pthreads failed with the following output:
Change Dir: /home/cs184/CS184_Final/build/CMakeFiles/CMakeTmp

Run Build Command:/usr/bin/make "cmTryCompileExec581291061/fast"
/usr/bin/make -f CMakeFiles/cmTryCompileExec581291061.dir/build.make CMakeFiles/cmTryCompileExec581291061.dir/build
make[1]: Entering directory `/home/cs184/CS184_Final/build/CMakeFiles/CMakeTmp'
/usr/bin/cmake -E cmake_progress_report /home/cs184/CS184_Final/build/CMakeFiles/CMakeTmp/CMakeFiles 1
Building C object CMakeFiles/cmTryCompileExec581291061.dir/CheckFunctionExists.c.o
/usr/bin/cc   -DCHECK_FUNCTION_EXISTS=pthread_create   -o CMakeFiles/cmTryCompileExec581291061.dir/CheckFunctionExists.c.o   -c /usr/share/cmake-2.8/Modules/CheckFunctionExists.c
Linking C executable cmTryCompileExec581291061
/usr/bin/cmake -E cmake_link_script CMakeFiles/cmTryCompileExec581291061.dir/link.txt --verbose=1
/usr/bin/cc   -DCHECK_FUNCTION_EXISTS=pthread_create    CMakeFiles/cmTryCompileExec581291061.dir/CheckFunctionExists.c.o  -o cmTryCompileExec581291061 -rdynamic -lpthreads 
/usr/bin/ld: cannot find -lpthreads
collect2: error: ld returned 1 exit status
make[1]: *** [cmTryCompileExec581291061] Error 1
make[1]: Leaving directory `/home/cs184/CS184_Final/build/CMakeFiles/CMakeTmp'
make: *** [cmTryCompileExec581291061/fast] Error 2


Determining if the function glXGetProcAddressEXT exists failed with the following output:
Change Dir: /home/cs184/CS184_Final/build/CMakeFiles/CMakeTmp

Run Build Command:/usr/bin/make "cmTryCompileExec1927649478/fast"
/usr/bin/make -f CMakeFiles/cmTryCompileExec1927649478.dir/build.make CMakeFiles/cmTryCompileExec1927649478.dir/build
make[1]: Entering directory `/home/cs184/CS184_Final/build/CMakeFiles/CMakeTmp'
/usr/bin/cmake -E cmake_progress_report /home/cs184/CS184_Final/build/CMakeFiles/CMakeTmp/CMakeFiles 1
Building C object CMakeFiles/cmTryCompileExec1927649478.dir/CheckFunctionExists.c.o
/usr/bin/cc   -DCHECK_FUNCTION_EXISTS=glXGetProcAddressEXT   -o CMakeFiles/cmTryCompileExec1927649478.dir/CheckFunctionExists.c.o   -c /usr/share/cmake-2.8/Modules/CheckFunctionExists.c
Linking C executable cmTryCompileExec1927649478
/usr/bin/cmake -E cmake_link_script CMakeFiles/cmTryCompileExec1927649478.dir/link.txt --verbose=1
/usr/bin/cc   -DCHECK_FUNCTION_EXISTS=glXGetProcAddressEXT    CMakeFiles/cmTryCompileExec1927649478.dir/CheckFunctionExists.c.o  -o cmTryCompileExec1927649478 -rdynamic -lGL 
CMakeFiles/cmTryCompileExec1927649478.dir/CheckFunctionExists.c.o: In function `main':
CheckFunctionExists.c:(.text+0x15): undefined reference to `glXGetProcAddressEXT'
collect2: error: ld returned 1 exit status
make[1]: *** [cmTryCompileExec1927649478] Error 1
make[1]: Leaving directory `/home/cs184/CS184_Final/build/CMakeFiles/CMakeTmp'
make: *** [cmTryCompileExec1927649478/fast] Error 2


